INDEX.PHP was called
INDEX.PHP was called
Dispatching path: /roguelike-game/main-menu
INDEX.PHP was called
Dispatching path: /main-menu
INDEX.PHP was called
Dispatching path: /main-menu
INDEX.PHP was called
Dispatching path: /login
INDEX.PHP was called
Dispatching path: /app/views/game/main-menu.php
INDEX.PHP was called
Dispatching path: /app/views/game/main-menu.php
INDEX.PHP was called
Dispatching path: /main-menu
INDEX.PHP was called
Dispatching path: /login
INDEX.PHP was called
Dispatching path: /main-menu
INDEX.PHP was called
Dispatching path: /login
INDEX.PHP was called
Dispatching path: /main-menu
INDEX.PHP was called
Dispatching path: /login
INDEX.PHP was called
Dispatching path: /roguelike-game/main-menu
INDEX.PHP was called
Dispatching path: /roguelike-game/main-menu
INDEX.PHP was called
Dispatching path: /main-menu
INDEX.PHP was called
Dispatching path: /login
INDEX.PHP was called
Dispatching path: /roguelike-game/main-menu
INDEX.PHP was called
Dispatching path: /main-menu
INDEX.PHP was called
Dispatching path: /main-menu
INDEX.PHP was called
Dispatching path: /login
INDEX.PHP was called
Dispatching path: /main-menu
INDEX.PHP was called
Dispatching path: /login
INDEX.PHP was called
Dispatching path: /roguelike-game/main-menu
INDEX.PHP was called
Dispatching path: /main-menu
INDEX.PHP was called
Dispatching path: /login
INDEX.PHP was called
Dispatching path: /roguelike-game/main-menu
INDEX.PHP was called
Dispatching path: /main-menu
INDEX.PHP was called
Dispatching path: /login
INDEX.PHP was called
Dispatching path: /roguelike-game/main-menu
INDEX.PHP was called
Dispatching path: /main-menu
INDEX.PHP was called
Dispatching path: /login
INDEX.PHP was called
Dispatching path: /main-menu
INDEX.PHP was called
Dispatching path: /main-menu
INDEX.PHP was called
Dispatching path: /login
INDEX.PHP was called
Dispatching path: /login
INDEX.PHP was called
Dispatching path: /main-menu
INDEX.PHP was called
Dispatching path: /login
INDEX.PHP was called
Dispatching path: /roguelike-game/main-menu
INDEX.PHP was called
Dispatching path: /main-menu
INDEX.PHP was called
Dispatching path: /login
INDEX.PHP was called
Dispatching path: /roguelike-game/main-menu
INDEX.PHP was called
Dispatching path: /roguelike-game/main-menu
INDEX.PHP was called
Dispatching path: /main-menu
INDEX.PHP was called
Dispatching path: /login
INDEX.PHP was called
Dispatching path: /roguelike-game/main-menu
INDEX.PHP was called
Dispatching path: /main-menu
INDEX.PHP was called
Dispatching path: /login
INDEX.PHP was called
Dispatching path: /main-menu
INDEX.PHP was called
Dispatching path: /login
INDEX.PHP was called
Dispatching path: /main-menu
INDEX.PHP was called
Dispatching path: /login
INDEX.PHP was called
Dispatching path: /__DIR__%20.%20/main-menu
INDEX.PHP was called
Dispatching path: /main-menu
INDEX.PHP was called
Dispatching path: /login
INDEX.PHP was called
Dispatching path: /main-menu
INDEX.PHP was called
Dispatching path: /login
INDEX.PHP was called
Dispatching path: /roguelike-game/main-menu
INDEX.PHP was called
Dispatching path: /main-menu
INDEX.PHP was called
Dispatching path: /login
INDEX.PHP was called
Dispatching path: /main-menu
INDEX.PHP was called
Dispatching path: /login
INDEX.PHP was called
Dispatching path: /main-menu
INDEX.PHP was called
Dispatching path: /main-menu
INDEX.PHP was called
Dispatching path: /register
INDEX.PHP was called
Dispatching path: /main-menu.php
INDEX.PHP was called
Dispatching path: /main-menu.php
INDEX.PHP was called
Dispatching path: /main-menu
INDEX.PHP was called
Dispatching path: /register
INDEX.PHP was called
Dispatching path: /main-menu
INDEX.PHP was called
Dispatching path: /login
INDEX.PHP was called
Dispatching path: /main-menu
INDEX.PHP was called
Dispatching path: /main-menu
INDEX.PHP was called
Dispatching path: /logout
INDEX.PHP was called
Dispatching path: /logout
INDEX.PHP was called
Dispatching path: /main-menu
INDEX.PHP was called
Dispatching path: /logout
INDEX.PHP was called
Dispatching path: /main-menu
INDEX.PHP was called
Dispatching path: /main-menu
INDEX.PHP was called
Dispatching path: /user-profile
INDEX.PHP was called
Dispatching path: /main-menu.php
INDEX.PHP was called
Dispatching path: /main-menu
INDEX.PHP was called
Dispatching path: /login
INDEX.PHP was called
Dispatching path: /main-menu
INDEX.PHP was called
Dispatching path: /user-profile
INDEX.PHP was called
Dispatching path: /user-profile
INDEX.PHP was called
Dispatching path: /user-profile
INDEX.PHP was called
Dispatching path: /main-menu
INDEX.PHP was called
Dispatching path: /main-menu
INDEX.PHP was called
Dispatching path: /user-profile
INDEX.PHP was called
Dispatching path: /user-profile
INDEX.PHP was called
Dispatching path: /main-menu
INDEX.PHP was called
Dispatching path: /main-menu
INDEX.PHP was called
Dispatching path: /main-menu
INDEX.PHP was called
Dispatching path: /main-menu
INDEX.PHP was called
Dispatching path: /logout
INDEX.PHP was called
Dispatching path: /main-menu
INDEX.PHP was called
Dispatching path: /login
INDEX.PHP was called
Dispatching path: /main-menu
INDEX.PHP was called
Dispatching path: /user-profile
INDEX.PHP was called
Dispatching path: /user-profile
INDEX.PHP was called
Dispatching path: /user-profile
INDEX.PHP was called
Dispatching path: /main-menu
INDEX.PHP was called
Dispatching path: /logout
INDEX.PHP was called
Dispatching path: /main-menu
INDEX.PHP was called
Dispatching path: /main-menu
INDEX.PHP was called
Dispatching path: /
INDEX.PHP was called
INDEX.PHP was called
Dispatching path: /
INDEX.PHP was called
Dispatching path: /
INDEX.PHP was called
Dispatching path: /game
INDEX.PHP was called
Dispatching path: /
INDEX.PHP was called
Dispatching path: /user-profile
INDEX.PHP was called
Dispatching path: /main-menu.php
INDEX.PHP was called
Dispatching path: /
INDEX.PHP was called
Dispatching path: /game
INDEX.PHP was called
Dispatching path: /
INDEX.PHP was called
Dispatching path: /
INDEX.PHP was called
Dispatching path: /
INDEX.PHP was called
Dispatching path: /
INDEX.PHP was called
Dispatching path: /
INDEX.PHP was called
Dispatching path: /
INDEX.PHP was called
Dispatching path: /
INDEX.PHP was called
Dispatching path: /
INDEX.PHP was called
Dispatching path: /login
INDEX.PHP was called
Dispatching path: /main-menu
INDEX.PHP was called
Dispatching path: /user-profile
INDEX.PHP was called
Dispatching path: /user-profile
INDEX.PHP was called
Dispatching path: /user-profile
INDEX.PHP was called
Dispatching path: /user-profile
INDEX.PHP was called
Dispatching path: /user-profile
INDEX.PHP was called
Dispatching path: /main-menu.php
INDEX.PHP was called
Dispatching path: /main-menu
INDEX.PHP was called
Dispatching path: /user-profile
INDEX.PHP was called
Dispatching path: /main-menu.php
INDEX.PHP was called
Dispatching path: /main-menu.php
INDEX.PHP was called
Dispatching path: /main-menu
INDEX.PHP was called
Dispatching path: /user-profile
INDEX.PHP was called
Dispatching path: /user-profile
INDEX.PHP was called
Dispatching path: /user-profile
INDEX.PHP was called
Dispatching path: /main-menu
INDEX.PHP was called
Dispatching path: /main-menu
INDEX.PHP was called
Dispatching path: /game
INDEX.PHP was called
Dispatching path: /main-menu
INDEX.PHP was called
Dispatching path: /main-menu
INDEX.PHP was called
Dispatching path: /main-menu
INDEX.PHP was called
Dispatching path: /main-menu
INDEX.PHP was called
Dispatching path: /logout
INDEX.PHP was called
Dispatching path: /main-menu
INDEX.PHP was called
Dispatching path: /login
INDEX.PHP was called
Dispatching path: /main-menu
INDEX.PHP was called
Dispatching path: /user-profile
INDEX.PHP was called
Dispatching path: /user-profile
INDEX.PHP was called
Dispatching path: /user-profile
INDEX.PHP was called
Dispatching path: /main-menu
